--------------------
2017-11-07-05-15
before generator
after generator
after oauth
in sendtweet
in generte
open db
con
before range
0
_generate_sentence
_get_first_triplet
chains
triplet
morphemes
--------------------
2017-11-07-05-16
before generator
after generator
after oauth
in sendtweet
in generte
open db
con
before range
0
_generate_sentence
_get_first_triplet
chains
triplet
morphemes
--------------------
2017-11-07-05-17
before generator
after generator
after oauth
in sendtweet
in generte
open db
con
before range
0
_generate_sentence
_get_first_triplet
chains
triplet
morphemes
--------------------
2017-11-07-05-18
before generator
after generator
after oauth
in sendtweet
in generte
open db
con
before range
0
_generate_sentence
_get_first_triplet
chains
triplet
morphemes
--------------------
2017-11-07-05-19
before generator
after generator
after oauth
in sendtweet
in generte
open db
con
before range
0
_generate_sentence
_get_first_triplet
chains
triplet
morphemes
text 65
--------------------
2017-11-07-05-20
before generator
after generator
after oauth
in sendtweet
in generte
open db
con
before range
0
_generate_sentence
_get_first_triplet
chains
triplet
morphemes
text 28
--------------------
2017-11-07-05-21
before generator
after generator
after oauth
in sendtweet
in generte
open db
con
before range
0
_generate_sentence
_get_first_triplet
chains
triplet
morphemes
text 14
--------------------
2017-11-07-05-22
before generator
after generator
after oauth
in sendtweet
in generte
open db
con
before range
0
_generate_sentence
_get_first_triplet
chains
triplet
morphemes
text 148
--------------------
2017-11-07-05-23
before generator
after generator
after oauth
in sendtweet
in generte
open db
con
before range
0
_generate_sentence
_get_first_triplet
chains
triplet
morphemes
text 12
--------------------
2017-11-07-05-24
before generator
after generator
after oauth
in sendtweet
in generte
open db
con
before range
0
_generate_sentence
_get_first_triplet
chains
triplet
morphemes
text 14
--------------------
2017-11-07-05-25
before generator
after generator
after oauth
in sendtweet
in generte
open db
con
before range
0
_generate_sentence
_get_first_triplet
chains
triplet
morphemes
text 25
--------------------
2017-11-07-05-26
before generator
after generator
after oauth
in sendtweet
in generte
open db
con
before range
0
_generate_sentence
_get_first_triplet
chains
triplet
morphemes
text 31
--------------------
2017-11-07-05-27
before generator
after generator
after oauth
in sendtweet
in generte
open db
con
before range
0
_generate_sentence
_get_first_triplet
chains
triplet
morphemes
text 10
I'llbeback
["I'llbeback"]
tweet success
after sendtweet
2017-11-07-05-27
before generator
after generator
after oauth
in sendtweet
in generte
open db
con
before range
0
_generate_sentence
_get_first_triplet
chains
triplet
morphemes
text 7
冬は暖房になる
['冬は暖房になる']
tweet success
after sendtweet
--------------------
2017-11-07-05-28
before generator
after generator
after oauth
in sendtweet
in generte
open db
con
before range
0
_generate_sentence
_get_first_triplet
chains
triplet
morphemes
text 14
俺こんなんだからなあ....
['俺こんなんだからなあ....']
tweet success
after sendtweet
--------------------
2017-11-07-05-29
before generator
after generator
after oauth
in sendtweet
in generte
open db
con
before range
0
_generate_sentence
_get_first_triplet
chains
triplet
morphemes
text 41
まあコスパを考えたらログの対局にあるから便利なんだけど、今日ゲスピ回だっけ....
['まあコスパを考えたらログの対局にあるから便利なんだけど、今日ゲスピ回だっけ....']
tweet success
after sendtweet
--------------------
2017-11-07-05-30
before generator
after generator
after oauth
in sendtweet
in generte
open db
con
before range
0
_generate_sentence
_get_first_triplet
chains
triplet
morphemes
text 8
おおおおおお！！
['おおおおおお！！']
tweet success
after sendtweet
--------------------
2017-11-07-05-31
before generator
after generator
after oauth
in sendtweet
in generte
open db
con
before range
0
_generate_sentence
_get_first_triplet
chains
triplet
morphemes
text 10
そろそろお家出るぞよ
['そろそろお家出るぞよ']
tweet success
after sendtweet
--------------------
--------------------
--------------------
--------------------
--------------------
--------------------
--------------------
--------------------
--------------------
2017-11-07-05-40
before generator
after generator
after oauth
in sendtweet
in generte
open db
con
before range
0
_generate_sentence
_get_first_triplet
chains
triplet
morphemes
text 87
アルパカちゃんにとてつもない母性を感じたら容赦無く殴れるようになったのかな....??まあTwitterで知り合った人は知ってる地名がポンポン出てくるね....最終的なのよね
['アルパカちゃんにとてつもない母性を感じたら容赦無く殴れるようになったのかな....??まあTwitterで知り合った人は知ってる地名がポンポン出てくるね....最終的なのよね']
tweet success
after sendtweet
--------------------
--------------------
--------------------
--------------------
--------------------
--------------------
--------------------
--------------------
--------------------
--------------------
--------------------
--------------------
--------------------
--------------------
--------------------
--------------------
--------------------
--------------------
--------------------
--------------------
2017-11-07-06-00
before generator
after generator
after oauth
in sendtweet
in generte
open db
con
before range
0
_generate_sentence
_get_first_triplet
chains
triplet
morphemes
text 47
いや、まあタイトルの通り水族館で泊まり込みで作業できるんですけど大雑把にされなさそうだし...
['いや、まあタイトルの通り水族館で泊まり込みで作業できるんですけど大雑把にされなさそうだし...']
tweet success
after sendtweet
--------------------
--------------------
--------------------
--------------------
--------------------
--------------------
--------------------
--------------------
--------------------
--------------------
--------------------
--------------------
--------------------
--------------------
--------------------
--------------------
--------------------
--------------------
--------------------
--------------------
2017-11-07-06-20
before generator
after generator
after oauth
in sendtweet
in generte
open db
con
before range
0
_generate_sentence
_get_first_triplet
chains
triplet
morphemes
text 9
また厄介なだけかと
['また厄介なだけかと']
tweet success
after sendtweet
--------------------
--------------------
--------------------
--------------------
--------------------
--------------------
--------------------
--------------------
--------------------
--------------------
--------------------
--------------------
--------------------
--------------------
--------------------
--------------------
--------------------
--------------------
--------------------
--------------------
2017-11-07-06-40
before generator
after generator
after oauth
in sendtweet
in generte
open db
con
before range
0
_generate_sentence
_get_first_triplet
chains
triplet
morphemes
text 34
のんたんもここで全てが解消してておじさん涙がちょちょぎれそうだったよ
['のんたんもここで全てが解消してておじさん涙がちょちょぎれそうだったよ']
tweet success
after sendtweet
--------------------
--------------------
--------------------
--------------------
--------------------
--------------------
--------------------
--------------------
--------------------
--------------------
--------------------
--------------------
--------------------
--------------------
--------------------
--------------------
--------------------
--------------------
--------------------
--------------------
2017-11-07-07-00
before generator
after generator
after oauth
in sendtweet
in generte
open db
con
before range
0
_generate_sentence
_get_first_triplet
chains
triplet
morphemes
text 46
日常会話は苦手だから朝から活動して迂闊におっぱいツイートふぁぼったんサンチームやろ.....
['日常会話は苦手だから朝から活動して迂闊におっぱいツイートふぁぼったんサンチームやろ.....']
tweet success
after sendtweet
--------------------
--------------------
--------------------
--------------------
--------------------
--------------------
--------------------
--------------------
--------------------
--------------------
--------------------
--------------------
--------------------
--------------------
--------------------
--------------------
--------------------
--------------------
--------------------
--------------------
2017-11-07-07-20
before generator
after generator
after oauth
in sendtweet
in generte
open db
con
before range
0
_generate_sentence
_get_first_triplet
chains
triplet
morphemes
text 23
メディアで数人とエンカしたmacで作業してる。
['メディアで数人とエンカしたmacで作業してる。']
tweet success
after sendtweet
--------------------
--------------------
--------------------
--------------------
--------------------
--------------------
--------------------
--------------------
--------------------
--------------------
--------------------
--------------------
--------------------
--------------------
--------------------
--------------------
--------------------
--------------------
--------------------
--------------------
2017-11-07-07-40
before generator
after generator
after oauth
in sendtweet
in generte
open db
con
before range
0
_generate_sentence
_get_first_triplet
chains
triplet
morphemes
text 61
12話まで見ればIQ元のスクリプトの中でGPA計算してすみません。許してほしい(今は理解が完全に餌付けされてなかったみたい
['12話まで見ればIQ元のスクリプトの中でGPA計算してすみません。許してほしい(今は理解が完全に餌付けされてなかったみたい']
tweet success
after sendtweet
--------------------
--------------------
--------------------
--------------------
--------------------
--------------------
--------------------
--------------------
--------------------
--------------------
--------------------
--------------------
--------------------
--------------------
--------------------
--------------------
--------------------
--------------------
--------------------
--------------------
2017-11-07-08-00
before generator
after generator
after oauth
in sendtweet
in generte
open db
con
before range
0
_generate_sentence
_get_first_triplet
chains
triplet
morphemes
text 36
俺がLINEを余りにもみなさ過ぎて絶対知らん人やろうとするとはもう寝るん
['俺がLINEを余りにもみなさ過ぎて絶対知らん人やろうとするとはもう寝るん']
tweet success
after sendtweet
--------------------
--------------------
--------------------
--------------------
--------------------
--------------------
--------------------
--------------------
--------------------
--------------------
--------------------
--------------------
--------------------
--------------------
--------------------
--------------------
--------------------
--------------------
--------------------
--------------------
2017-11-07-08-20
before generator
after generator
after oauth
in sendtweet
in generte
open db
con
before range
0
_generate_sentence
_get_first_triplet
chains
triplet
morphemes
text 23
ちがったの！？！？！？割と知らないんですけども
['ちがったの！？！？！？割と知らないんですけども']
tweet success
after sendtweet
--------------------
--------------------
--------------------
--------------------
--------------------
--------------------
--------------------
--------------------
--------------------
--------------------
--------------------
--------------------
--------------------
--------------------
--------------------
--------------------
--------------------
--------------------
--------------------
--------------------
2017-11-07-08-40
before generator
after generator
after oauth
in sendtweet
in generte
open db
con
before range
0
_generate_sentence
_get_first_triplet
chains
triplet
morphemes
text 96
このピアノでお前を殺したら業務上過失致死になるらしいので授業一緒に遊んでた所為で進捗がタイムリープしたけど嘘だと円との努力量を比較するのが良いもので、2番目に長くなった頃には早かったか....
['このピアノでお前を殺したら業務上過失致死になるらしいので授業一緒に遊んでた所為で進捗がタイムリープしたけど嘘だと円との努力量を比較するのが良いもので、2番目に長くなった頃には早かったか....']
tweet success
after sendtweet
--------------------
--------------------
--------------------
--------------------
--------------------
--------------------
--------------------
--------------------
--------------------
--------------------
--------------------
--------------------
--------------------
--------------------
--------------------
--------------------
--------------------
--------------------
--------------------
--------------------
2017-11-07-09-00
before generator
after generator
after oauth
in sendtweet
in generte
open db
con
before range
0
_generate_sentence
_get_first_triplet
chains
triplet
morphemes
text 28
ドローン、セキュリティじゃなくてドローンやってけるレベル
['ドローン、セキュリティじゃなくてドローンやってけるレベル']
tweet success
after sendtweet
--------------------
--------------------
--------------------
--------------------
--------------------
--------------------
--------------------
--------------------
--------------------
--------------------
--------------------
--------------------
--------------------
--------------------
--------------------
--------------------
--------------------
--------------------
--------------------
--------------------
2017-11-07-09-20
before generator
after generator
after oauth
in sendtweet
in generte
open db
con
before range
0
_generate_sentence
_get_first_triplet
chains
triplet
morphemes
text 16
飯屋の前でオフ会とかどうですか？
['飯屋の前でオフ会とかどうですか？']
tweet success
after sendtweet
--------------------
--------------------
--------------------
--------------------
--------------------
--------------------
--------------------
--------------------
--------------------
--------------------
--------------------
--------------------
--------------------
--------------------
--------------------
--------------------
--------------------
--------------------
--------------------
--------------------
2017-11-07-09-40
before generator
after generator
after oauth
in sendtweet
in generte
open db
con
before range
0
_generate_sentence
_get_first_triplet
chains
triplet
morphemes
text 36
大学に行ってきたから体育行けるコマがいると仮定した学期に授業終わってねえ
['大学に行ってきたから体育行けるコマがいると仮定した学期に授業終わってねえ']
tweet success
after sendtweet
--------------------
--------------------
--------------------
--------------------
--------------------
--------------------
--------------------
--------------------
--------------------
--------------------
--------------------
--------------------
--------------------
--------------------
--------------------
--------------------
--------------------
--------------------
--------------------
--------------------
2017-11-07-10-00
before generator
after generator
after oauth
in sendtweet
in generte
open db
con
before range
0
_generate_sentence
_get_first_triplet
chains
triplet
morphemes
text 5
楽しかった
['楽しかった']
tweet success
after sendtweet
--------------------
--------------------
--------------------
--------------------
--------------------
--------------------
--------------------
--------------------
--------------------
--------------------
--------------------
--------------------
--------------------
--------------------
--------------------
--------------------
--------------------
--------------------
--------------------
--------------------
2017-11-07-10-20
before generator
after generator
after oauth
in sendtweet
in generte
open db
con
before range
0
_generate_sentence
_get_first_triplet
chains
triplet
morphemes
text 8
がんばる！！！！
['がんばる！！！！']
tweet success
after sendtweet
--------------------
--------------------
--------------------
--------------------
--------------------
--------------------
--------------------
--------------------
--------------------
--------------------
--------------------
--------------------
--------------------
--------------------
--------------------
--------------------
--------------------
--------------------
--------------------
--------------------
2017-11-07-10-40
before generator
after generator
after oauth
in sendtweet
in generte
open db
con
before range
0
_generate_sentence
_get_first_triplet
chains
triplet
morphemes
text 26
地下鉄って基本的に朝は普通に話してるとしか分からない
['地下鉄って基本的に朝は普通に話してるとしか分からない']
tweet success
after sendtweet
--------------------
--------------------
--------------------
--------------------
--------------------
--------------------
--------------------
--------------------
--------------------
--------------------
--------------------
--------------------
--------------------
--------------------
--------------------
--------------------
--------------------
--------------------
--------------------
--------------------
2017-11-07-11-00
before generator
after generator
after oauth
in sendtweet
in generte
open db
con
before range
0
_generate_sentence
_get_first_triplet
chains
triplet
morphemes
text 123
うおおお、ご本人のアカウントにリプ飛ばした記憶があったので...今....地味に腹持ち良くてとかそんな話が上がってて惚れた。数学は人間、慢性的に体内に取り込んでるとうるさそうな人たちとは...壊れるなあ....家の前に聞いて良いから来てくれません
['うおおお、ご本人のアカウントにリプ飛ばした記憶があったので...今....地味に腹持ち良くてとかそんな話が上がってて惚れた。数学は人間、慢性的に体内に取り込んでるとうるさそうな人たちとは...壊れるなあ....家の前に聞いて良いから来てくれません']
tweet success
after sendtweet
--------------------
--------------------
--------------------
--------------------
--------------------
--------------------
--------------------
--------------------
--------------------
--------------------
--------------------
--------------------
--------------------
--------------------
--------------------
--------------------
--------------------
--------------------
--------------------
--------------------
2017-11-07-11-20
before generator
after generator
after oauth
in sendtweet
in generte
open db
con
before range
0
_generate_sentence
_get_first_triplet
chains
triplet
morphemes
text 18
はやく17に紛れてわざと変な癖ついた
['はやく17に紛れてわざと変な癖ついた']
tweet success
after sendtweet
--------------------
--------------------
--------------------
--------------------
--------------------
--------------------
--------------------
--------------------
--------------------
--------------------
--------------------
--------------------
--------------------
--------------------
--------------------
--------------------
--------------------
--------------------
--------------------
--------------------
2017-11-07-11-40
before generator
after generator
after oauth
in sendtweet
in generte
open db
con
before range
0
_generate_sentence
_get_first_triplet
chains
triplet
morphemes
text 49
これめっちゃ楽しそうむしろサネしか入れないのか....漢字、平仮名でで大丈夫なので猛禽類こわいです
['これめっちゃ楽しそうむしろサネしか入れないのか....漢字、平仮名でで大丈夫なので猛禽類こわいです']
tweet success
after sendtweet
--------------------
--------------------
--------------------
--------------------
--------------------
--------------------
--------------------
--------------------
--------------------
--------------------
--------------------
--------------------
--------------------
--------------------
--------------------
--------------------
--------------------
--------------------
--------------------
--------------------
2017-11-07-12-00
before generator
after generator
after oauth
in sendtweet
in generte
open db
con
before range
0
_generate_sentence
_get_first_triplet
chains
triplet
morphemes
text 11
スケジュール変更！！！
['スケジュール変更！！！']
tweet success
after sendtweet
--------------------
--------------------
--------------------
--------------------
--------------------
--------------------
--------------------
--------------------
--------------------
--------------------
--------------------
--------------------
--------------------
--------------------
--------------------
--------------------
--------------------
--------------------
--------------------
--------------------
2017-11-07-12-20
before generator
after generator
after oauth
in sendtweet
in generte
open db
con
before range
0
_generate_sentence
_get_first_triplet
chains
triplet
morphemes
text 15
嫌です！公開鍵渡せばいいの？？
['嫌です！公開鍵渡せばいいの？？']
tweet success
after sendtweet
--------------------
--------------------
--------------------
--------------------
--------------------
--------------------
--------------------
--------------------
--------------------
--------------------
--------------------
--------------------
--------------------
--------------------
--------------------
--------------------
--------------------
--------------------
--------------------
--------------------
2017-11-07-12-40
before generator
after generator
after oauth
in sendtweet
in generte
open db
con
before range
0
_generate_sentence
_get_first_triplet
chains
triplet
morphemes
text 18
遊びたいですがやりたくねえやり始めた
['遊びたいですがやりたくねえやり始めた']
tweet success
after sendtweet
--------------------
--------------------
--------------------
--------------------
--------------------
--------------------
--------------------
--------------------
--------------------
--------------------
--------------------
--------------------
--------------------
--------------------
--------------------
--------------------
--------------------
--------------------
--------------------
--------------------
2017-11-07-13-00
before generator
after generator
after oauth
in sendtweet
in generte
open db
con
before range
0
_generate_sentence
_get_first_triplet
chains
triplet
morphemes
text 3
泣いた
['泣いた']
tweet success
after sendtweet
--------------------
--------------------
--------------------
--------------------
--------------------
--------------------
--------------------
--------------------
--------------------
--------------------
--------------------
--------------------
--------------------
--------------------
--------------------
--------------------
--------------------
--------------------
--------------------
--------------------
2017-11-07-13-20
before generator
after generator
after oauth
in sendtweet
in generte
open db
con
before range
0
_generate_sentence
_get_first_triplet
chains
triplet
morphemes
text 25
ハイウェイ「ウェエエエエエイwwwwwwwwww」
['ハイウェイ「ウェエエエエエイwwwwwwwwww」']
tweet success
after sendtweet
--------------------
--------------------
--------------------
--------------------
--------------------
--------------------
--------------------
--------------------
--------------------
--------------------
--------------------
--------------------
--------------------
--------------------
--------------------
--------------------
--------------------
--------------------
--------------------
--------------------
2017-11-07-13-40
before generator
after generator
after oauth
in sendtweet
in generte
open db
con
before range
0
_generate_sentence
_get_first_triplet
chains
triplet
morphemes
text 11
これが限界です...」
['これが限界です...」']
tweet success
after sendtweet
--------------------
--------------------
--------------------
--------------------
--------------------
--------------------
--------------------
--------------------
--------------------
--------------------
--------------------
--------------------
--------------------
--------------------
--------------------
--------------------
--------------------
--------------------
--------------------
--------------------
2017-11-07-14-00
before generator
after generator
after oauth
in sendtweet
in generte
open db
con
before range
0
_generate_sentence
_get_first_triplet
chains
triplet
morphemes
text 54
各コマのビット列っていうからなんとなく「お誕生日おめでとう！」数秒後に髪切られてるなあ...と思って実装した
['各コマのビット列っていうからなんとなく「お誕生日おめでとう！」数秒後に髪切られてるなあ...と思って実装した']
tweet success
after sendtweet
--------------------
--------------------
--------------------
--------------------
--------------------
--------------------
--------------------
--------------------
--------------------
--------------------
--------------------
--------------------
--------------------
--------------------
--------------------
--------------------
--------------------
--------------------
--------------------
--------------------
2017-11-07-14-20
before generator
after generator
after oauth
in sendtweet
in generte
open db
con
before range
0
_generate_sentence
_get_first_triplet
chains
triplet
morphemes
text 4
いのでは
['いのでは']
tweet success
after sendtweet
--------------------
--------------------
